<?xml version="1.0" encoding="UTF-8"?>
<testsuite name="org.springframework.samples.petclinic.service.clinicService.ClinicServiceSpringDataJpaTests" time="1.562" tests="33" errors="0" skipped="0" failures="0">
  <properties>
[...]
</properties>
  <testcase name="shouldFindAllOwners" classname="org.springframework.samples.petclinic.service.clinicService.ClinicServiceSpringDataJpaTests" time="0.073"/>
  <testcase name="shouldFindPetTypeById" classname="org.springframework.samples.petclinic.service.clinicService.ClinicServiceSpringDataJpaTests" time="0.051"/>
  <testcase name="shouldUpdateSpecialty" classname="org.springframework.samples.petclinic.service.clinicService.ClinicServiceSpringDataJpaTests" time="0.036"/>
  <testcase name="shouldFindVets" classname="org.springframework.samples.petclinic.service.clinicService.ClinicServiceSpringDataJpaTests" time="0.04"/>
  <testcase name="shouldFindAllVisits" classname="org.springframework.samples.petclinic.service.clinicService.ClinicServiceSpringDataJpaTests" time="0.033"/>
  <testcase name="shouldFindOwnersByLastName" classname="org.springframework.samples.petclinic.service.clinicService.ClinicServiceSpringDataJpaTests" time="0.044"/>
  <testcase name="shouldInsertVet" classname="org.springframework.samples.petclinic.service.clinicService.ClinicServiceSpringDataJpaTests" time="0.031"/>
  <testcase name="shouldDeletePet" classname="org.springframework.samples.petclinic.service.clinicService.ClinicServiceSpringDataJpaTests" time="0.074"/>
  <testcase name="shouldDeleteVet" classname="org.springframework.samples.petclinic.service.clinicService.ClinicServiceSpringDataJpaTests" time="0.052"/>
  <testcase name="shouldDeleteOwner" classname="org.springframework.samples.petclinic.service.clinicService.ClinicServiceSpringDataJpaTests" time="0.043"/>
  <testcase name="shouldDeleteVisit" classname="org.springframework.samples.petclinic.service.clinicService.ClinicServiceSpringDataJpaTests" time="0.078"/>
  <testcase name="shouldInsertSpecialty" classname="org.springframework.samples.petclinic.service.clinicService.ClinicServiceSpringDataJpaTests" time="0.051"/>
  <testcase name="shouldAddNewVisitForPet" classname="org.springframework.samples.petclinic.service.clinicService.ClinicServiceSpringDataJpaTests" time="0.051"/>
  <testcase name="shouldUpdateOwner" classname="org.springframework.samples.petclinic.service.clinicService.ClinicServiceSpringDataJpaTests" time="0.047"/>
  <testcase name="shouldFindVisitsByPetId" classname="org.springframework.samples.petclinic.service.clinicService.ClinicServiceSpringDataJpaTests" time="0.061"/>
  <testcase name="shouldUpdateVisit" classname="org.springframework.samples.petclinic.service.clinicService.ClinicServiceSpringDataJpaTests" time="0.051"/>
  <testcase name="shouldInsertPetIntoDatabaseAndGenerateId" classname="org.springframework.samples.petclinic.service.clinicService.ClinicServiceSpringDataJpaTests" time="0.055"/>
  <testcase name="shouldInsertOwner" classname="org.springframework.samples.petclinic.service.clinicService.ClinicServiceSpringDataJpaTests" time="0.032"/>
  <testcase name="shouldInsertVisit" classname="org.springframework.samples.petclinic.service.clinicService.ClinicServiceSpringDataJpaTests" time="0.045"/>
  <testcase name="shouldFindAllPets" classname="org.springframework.samples.petclinic.service.clinicService.ClinicServiceSpringDataJpaTests" time="0.055"/>
  <testcase name="shouldFindSingleOwnerWithPet" classname="org.springframework.samples.petclinic.service.clinicService.ClinicServiceSpringDataJpaTests" time="0.035"/>
  <testcase name="shouldFindAllSpecialtys" classname="org.springframework.samples.petclinic.service.clinicService.ClinicServiceSpringDataJpaTests" time="0.024"/>
  <testcase name="shouldUpdatePetName" classname="org.springframework.samples.petclinic.service.clinicService.ClinicServiceSpringDataJpaTests" time="0.028"/>
  <testcase name="shouldUpdatePetType" classname="org.springframework.samples.petclinic.service.clinicService.ClinicServiceSpringDataJpaTests" time="0.032"/>
  <testcase name="shouldFindVisitDyId" classname="org.springframework.samples.petclinic.service.clinicService.ClinicServiceSpringDataJpaTests" time="0.04"/>
  <testcase name="shouldFindAllPetTypes" classname="org.springframework.samples.petclinic.service.clinicService.ClinicServiceSpringDataJpaTests" time="0.038"/>
  <testcase name="shouldUpdateVet" classname="org.springframework.samples.petclinic.service.clinicService.ClinicServiceSpringDataJpaTests" time="0.034"/>
  <testcase name="shouldFindVetDyId" classname="org.springframework.samples.petclinic.service.clinicService.ClinicServiceSpringDataJpaTests" time="0.035"/>
  <testcase name="shouldInsertPetType" classname="org.springframework.samples.petclinic.service.clinicService.ClinicServiceSpringDataJpaTests" time="0.032"/>
  <testcase name="shouldDeletePetType" classname="org.springframework.samples.petclinic.service.clinicService.ClinicServiceSpringDataJpaTests" time="0.154"/>
  <testcase name="shouldFindPetWithCorrectId" classname="org.springframework.samples.petclinic.service.clinicService.ClinicServiceSpringDataJpaTests" time="0.024"/>
  <testcase name="shouldFindSpecialtyById" classname="org.springframework.samples.petclinic.service.clinicService.ClinicServiceSpringDataJpaTests" time="0.032"/>
  <testcase name="shouldDeleteSpecialty" classname="org.springframework.samples.petclinic.service.clinicService.ClinicServiceSpringDataJpaTests" time="0.051"/>
</testsuite>